Build started 2015-12-01 16:49:33.
     1>Project "D:\One drive\OneDrive\Cwiczenia\3 rok\Abstrakcyjne\Exercise 5 Cards\Exercise\Exercise.vcxproj" on node 2 (Rebuild target(s)).
     1>ClCompile:
         D:\VisualStudio2015\VC\bin\CL.exe /c /AI"C:\Program Files (x86)\Reference Assemblies\Microsoft\Framework\.NETFramework\v4.0" /AI"C:\Program Files (x86)\Windows Kits\8.1\References\CommonConfiguration\Neutral" /Zi /clr /nologo /W3 /WX- /sdl /Od /Oy- /D _WINDLL /D _MBCS /EHa /MDd /GS /fp:precise /Zc:wchar_t /Zc:forScope /Zc:inline /Fo"Debug\\" /Fd"Debug\vc140.pdb" /TP /FU"C:\Program Files (x86)\Reference Assemblies\Microsoft\Framework\.NETFramework\v4.0\mscorlib.dll" /FU"C:\Program Files (x86)\Reference Assemblies\Microsoft\Framework\.NETFramework\v4.0\System.Core.dll" /analyze- /errorReport:prompt /clr:nostdlib Card.cpp CardColor.cpp CardSet.cpp CardType.cpp SortAlgorithm.cpp SortSummary.cpp
         Card.cpp
         CardColor.cpp
         CardSet.cpp
         CardType.cpp
         SortAlgorithm.cpp
         SortSummary.cpp
         Generating Code...
         D:\VisualStudio2015\VC\bin\CL.exe /c /Zi /clr /nologo /W3 /WX- /sdl /Od /Oy- /D _WINDLL /D _MBCS /EHa /MDd /GS /fp:precise /Zc:wchar_t /Zc:forScope /Zc:inline /Fp"Debug\Exercise.pch" /Fa"Debug\\" /Fo"Debug\\" /Fd"Debug\vc140.pdb" /analyze- /errorReport:prompt "C:\Users\adamo94\AppData\Local\Temp\.NETFramework,Version=v4.0.AssemblyAttributes.cpp"
         .NETFramework,Version=v4.0.AssemblyAttributes.cpp
       Link:
         D:\VisualStudio2015\VC\bin\link.exe /ERRORREPORT:PROMPT /OUT:"D:\One drive\OneDrive\Cwiczenia\3 rok\Abstrakcyjne\Exercise 5 Cards\Debug\Exercise.dll" /INCREMENTAL /NOLOGO kernel32.lib user32.lib gdi32.lib winspool.lib comdlg32.lib advapi32.lib shell32.lib ole32.lib oleaut32.lib uuid.lib odbc32.lib odbccp32.lib /MANIFEST /MANIFESTUAC:"level='asInvoker' uiAccess='false'" /manifest:embed /Debug /PDB:"D:\One drive\OneDrive\Cwiczenia\3 rok\Abstrakcyjne\Exercise 5 Cards\Debug\Exercise.pdb" /ASSEMBLYDEBUG /TLBID:1 /DYNAMICBASE /FIXED:NO /NXCOMPAT /MACHINE:X86 /DLL Debug\Card.obj
         Debug\CardColor.obj
         Debug\CardSet.obj
         Debug\CardType.obj
         Debug\SortAlgorithm.obj
         Debug\SortSummary.obj
         "Debug\.NETFramework,Version=v4.0.AssemblyAttributes.obj"
         Exercise.vcxproj -> D:\One drive\OneDrive\Cwiczenia\3 rok\Abstrakcyjne\Exercise 5 Cards\Debug\Exercise.dll
     1>Done Building Project "D:\One drive\OneDrive\Cwiczenia\3 rok\Abstrakcyjne\Exercise 5 Cards\Exercise\Exercise.vcxproj" (Rebuild target(s)).

Build succeeded.

Time Elapsed 00:00:01.29
